[debug] [2017-08-22T09:18:45.150Z] ----------------------------------------------------------------------
[debug] [2017-08-22T09:18:45.153Z] Command:       C:\Program Files\nodejs\node.exe C:\Users\Aditya\AppData\Roaming\npm\node_modules\firebase-tools\bin\firebase deploy
[debug] [2017-08-22T09:18:45.153Z] CLI Version:   3.9.2
[debug] [2017-08-22T09:18:45.153Z] Platform:      win32
[debug] [2017-08-22T09:18:45.153Z] Node Version:  v8.4.0
[debug] [2017-08-22T09:18:45.153Z] Time:          Tue Aug 22 2017 14:48:45 GMT+0530 (India Standard Time)
[debug] [2017-08-22T09:18:45.153Z] ----------------------------------------------------------------------
[debug] 
[debug] [2017-08-22T09:18:45.166Z] > command requires scopes: ["email","openid","https://www.googleapis.com/auth/cloudplatformprojects.readonly","https://www.googleapis.com/auth/firebase","https://www.googleapis.com/auth/cloud-platform"]
[debug] [2017-08-22T09:18:45.166Z] > authorizing via signed-in user
[debug] [2017-08-22T09:18:45.169Z] >>> HTTP REQUEST GET https://admin.firebase.com/v1/projects/warrantree-14cd3  
 Tue Aug 22 2017 14:48:45 GMT+0530 (India Standard Time)
[debug] [2017-08-22T09:18:46.742Z] <<< HTTP RESPONSE 200
[debug] [2017-08-22T09:18:46.743Z] >>> HTTP REQUEST GET https://admin.firebase.com/v1/database/warrantree-14cd3/tokens  
 Tue Aug 22 2017 14:48:46 GMT+0530 (India Standard Time)
[debug] [2017-08-22T09:18:47.865Z] <<< HTTP RESPONSE 200
[info] 
[info] === Deploying to 'warrantree-14cd3'...
[info] 
[info] i  deploying database, functions, hosting
[info] +  database: rules ready to deploy.
[debug] [2017-08-22T09:18:51.373Z] > [functions] package.json contents: {
  "name": "functions",
  "description": "Cloud Functions for Firebase",
  "dependencies": {
    "firebase-admin": "~4.2.1",
    "firebase-functions": "^0.5.7"
  },
  "private": true
}
[info] i  functions: ensuring necessary APIs are enabled...
[info] i  runtimeconfig: ensuring necessary APIs are enabled...
[debug] [2017-08-22T09:18:51.374Z] >>> HTTP REQUEST GET https://servicemanagement.googleapis.com/v1/services/cloudfunctions.googleapis.com/projectSettings/warrantree-14cd3?view=CONSUMER_VIEW  
 Tue Aug 22 2017 14:48:51 GMT+0530 (India Standard Time)
[debug] [2017-08-22T09:18:51.374Z] >>> HTTP REQUEST GET https://servicemanagement.googleapis.com/v1/services/runtimeconfig.googleapis.com/projectSettings/warrantree-14cd3?view=CONSUMER_VIEW  
 Tue Aug 22 2017 14:48:51 GMT+0530 (India Standard Time)
[debug] [2017-08-22T09:18:53.239Z] <<< HTTP RESPONSE 200
[info] +  runtimeconfig: all necessary APIs are enabled
[debug] [2017-08-22T09:18:53.263Z] <<< HTTP RESPONSE 200
[info] +  functions: all necessary APIs are enabled
[debug] [2017-08-22T09:18:53.265Z] >>> HTTP REQUEST GET https://appengine.googleapis.com/v1/apps/warrantree-14cd3  
 Tue Aug 22 2017 14:48:53 GMT+0530 (India Standard Time)
[debug] [2017-08-22T09:18:53.266Z] >>> HTTP REQUEST GET https://apikeys.googleapis.com/v1/projects/warrantree-14cd3/apiKeys  
 Tue Aug 22 2017 14:48:53 GMT+0530 (India Standard Time)
[debug] [2017-08-22T09:18:54.866Z] <<< HTTP RESPONSE 200
[debug] [2017-08-22T09:18:54.913Z] <<< HTTP RESPONSE 200
[info] i  functions: preparing functions directory for uploading...
[debug] [2017-08-22T09:19:14.714Z] >>> HTTP REQUEST GET https://runtimeconfig.googleapis.com/v1beta1/projects/warrantree-14cd3/configs  
 Tue Aug 22 2017 14:49:14 GMT+0530 (India Standard Time)
[debug] [2017-08-22T09:19:15.544Z] <<< HTTP RESPONSE 200
[info] i  functions: packaged functions (6.85 KB) for uploading
[debug] [2017-08-22T09:19:18.956Z] >>> HTTP REQUEST GET https://www.googleapis.com/storage/v1/b/staging.warrantree-14cd3.appspot.com  
 Tue Aug 22 2017 14:49:18 GMT+0530 (India Standard Time)
[debug] [2017-08-22T09:19:19.911Z] <<< HTTP RESPONSE 200
[debug] [2017-08-22T09:19:19.912Z] >>> HTTP REQUEST POST https://www.googleapis.com/upload/storage/v1/b/staging.warrantree-14cd3.appspot.com/o?uploadType=media&name=firebase-functions-source ReadStream {
  _readableState: 
   ReadableState {
     objectMode: false,
     highWaterMark: 65536,
     buffer: BufferList { head: [Object], tail: [Object], length: 1 },
     length: 7017,
     pipes: null,
     pipesCount: 0,
     flowing: null,
     ended: true,
     endEmitted: false,
     reading: false,
     sync: false,
     needReadable: false,
     emittedReadable: true,
     readableListening: false,
     resumeScheduled: false,
     destroyed: false,
     defaultEncoding: 'utf8',
     awaitDrain: 0,
     readingMore: false,
     decoder: null,
     encoding: null },
  readable: true,
  domain: null,
  _events: { end: [Function] },
  _eventsCount: 1,
  _maxListeners: undefined,
  path: 'C:\\Users\\Aditya\\AppData\\Local\\Temp\\firebase-functions-13272tl0s6DZ66Lym.zip',
  fd: 5,
  flags: 'r',
  mode: 438,
  start: undefined,
  end: undefined,
  autoClose: true,
  pos: undefined,
  bytesRead: 7017 } 
 Tue Aug 22 2017 14:49:19 GMT+0530 (India Standard Time)
[debug] [2017-08-22T09:19:20.702Z] <<< HTTP RESPONSE 200
[info] +  functions: functions folder uploaded successfully
[info] i  hosting: preparing public directory for upload...
[debug] [2017-08-22T09:19:20.755Z] >>> HTTP REQUEST PUT https://deploy.firebase.com/v1/hosting/warrantree-14cd3/uploads/-Ks8ECABmMuhjtN3OZ9V?fileCount=1&message=  
 Tue Aug 22 2017 14:49:20 GMT+0530 (India Standard Time)
[debug] [2017-08-22T09:19:41.543Z] <<< HTTP RESPONSE 200
[debug] [2017-08-22T09:19:41.543Z] [hosting] .tgz uploaded successfully, waiting for extraction
